<?xml version="1.0" encoding="UTF-8"?>
<testng-results skipped="0" failed="0" ignored="0" total="1" passed="1">
  <reporter-output>
  </reporter-output>
  <suite name="Surefire suite" duration-ms="16903" started-at="2019-10-21T21:51:44Z" finished-at="2019-10-21T21:52:01Z">
    <groups>
    </groups>
    <test name="Surefire test" duration-ms="16903" started-at="2019-10-21T21:51:44Z" finished-at="2019-10-21T21:52:01Z">
      <class name="Orangehrm.TestTest">
        <test-method status="PASS" signature="setup()[pri:0, instance:Orangehrm.TestTest@50f8360d]" name="setup" is-config="true" duration-ms="16846" started-at="2019-10-21T21:51:44Z" finished-at="2019-10-21T21:52:01Z">
          <reporter-output>
          </reporter-output>
        </test-method> <!-- setup -->
        <test-method status="PASS" signature="getingBrowser()[pri:0, instance:Orangehrm.TestTest@50f8360d]" name="getingBrowser" duration-ms="1" started-at="2019-10-21T21:52:01Z" finished-at="2019-10-21T21:52:01Z">
          <reporter-output>
          </reporter-output>
        </test-method> <!-- getingBrowser -->
      </class> <!-- Orangehrm.TestTest -->
    </test> <!-- Surefire test -->
  </suite> <!-- Surefire suite -->
</testng-results>
